#
# A fatal error has been detected by the Java Runtime Environment:
#
#  Internal Error (classFileParser.cpp:3494), pid=1176, tid=4048
#  Error: ShouldNotReachHere()
#
# JRE version: 6.0_26-b03
# Java VM: Java HotSpot(TM) Client VM (20.1-b02 mixed mode windows-x86 )
# If you would like to submit a bug report, please visit:
#   http://java.sun.com/webapps/bugreport/crash.jsp
#

---------------  T H R E A D  ---------------

Current thread (0x001d9c00):  JavaThread "Unknown thread" [_thread_in_vm, id=4048, stack(0x002d0000,0x00320000)]

Stack: [0x002d0000,0x00320000],  sp=0x0031f86c,  free space=318k
Native frames: (J=compiled Java code, j=interpreted, Vv=VM code, C=native code)
V  [jvm.dll+0x13379a]
V  [jvm.dll+0x12e6fb]
V  [jvm.dll+0x163fe]
V  [jvm.dll+0x17c1f]
V  [jvm.dll+0x26cc5]
V  [jvm.dll+0x27506]
V  [jvm.dll+0x278b5]
V  [jvm.dll+0x27949]
V  [jvm.dll+0x27a0c]
V  [jvm.dll+0x27a8a]
V  [jvm.dll+0x27b6d]
V  [jvm.dll+0x27e39]
V  [jvm.dll+0x6c523]
V  [jvm.dll+0x6c8fc]
V  [jvm.dll+0xf9d5c]
V  [jvm.dll+0x11864b]
V  [jvm.dll+0x9ec30]
C  [javaw.exe+0x1657]
C  [javaw.exe+0x1e2c]
C  [javaw.exe+0x8644]
C  [kernel32.dll+0x13677]  BaseThreadInitThunk+0x12
C  [ntdll.dll+0x39f02]  RtlInitializeExceptionChain+0x63
C  [ntdll.dll+0x39ed5]  RtlInitializeExceptionChain+0x36


---------------  P R O C E S S  ---------------

Java Threads: ( => current thread )

Other Threads:

=>0x001d9c00 (exited) JavaThread "Unknown thread" [_thread_in_vm, id=4048, stack(0x002d0000,0x00320000)]

VM state:not at safepoint (not fully initialized)

VM Mutex/Monitor currently owned by a thread: None

Dynamic libraries:
0x00400000 - 0x00424000 	C:\Program Files (x86)\Java\jre6\bin\javaw.exe
0x779e0000 - 0x77b60000 	C:\windows\SysWOW64\ntdll.dll
0x76560000 - 0x76660000 	C:\windows\syswow64\kernel32.dll
0x76840000 - 0x76886000 	C:\windows\syswow64\KERNELBASE.dll
0x773a0000 - 0x77440000 	C:\windows\syswow64\ADVAPI32.dll
0x76c80000 - 0x76d2c000 	C:\windows\syswow64\msvcrt.dll
0x76d40000 - 0x76d59000 	C:\windows\SysWOW64\sechost.dll
0x77250000 - 0x77340000 	C:\windows\syswow64\RPCRT4.dll
0x75550000 - 0x755b0000 	C:\windows\syswow64\SspiCli.dll
0x75540000 - 0x7554c000 	C:\windows\syswow64\CRYPTBASE.dll
0x76ec0000 - 0x76fc0000 	C:\windows\syswow64\USER32.dll
0x774c0000 - 0x77550000 	C:\windows\syswow64\GDI32.dll
0x769b0000 - 0x769ba000 	C:\windows\syswow64\LPK.dll
0x76be0000 - 0x76c7d000 	C:\windows\syswow64\USP10.dll
0x77440000 - 0x774a0000 	C:\windows\system32\IMM32.DLL
0x76d60000 - 0x76e2c000 	C:\windows\syswow64\MSCTF.dll
0x7c340000 - 0x7c396000 	C:\Program Files (x86)\Java\jre6\bin\msvcr71.dll
0x6d7f0000 - 0x6da9f000 	C:\Program Files (x86)\Java\jre6\bin\client\jvm.dll
0x73060000 - 0x73092000 	C:\windows\system32\WINMM.dll
0x74de0000 - 0x74e2b000 	C:\windows\system32\apphelp.dll
0x6d7a0000 - 0x6d7ac000 	C:\Program Files (x86)\Java\jre6\bin\verify.dll
0x6d320000 - 0x6d33f000 	C:\Program Files (x86)\Java\jre6\bin\java.dll
0x779b0000 - 0x779b5000 	C:\windows\system32\PSAPI.DLL
0x6d7e0000 - 0x6d7ef000 	C:\Program Files (x86)\Java\jre6\bin\zip.dll

VM Arguments:
jvm_args: -Dvce.launchers=org.eclipse.ve.internal.java.vce.launcher.remotevm.JFCLauncher -Dvce.launcher.class=sport.recife.Menu -Dfile.encoding=Cp1252 -Xbootclasspath:J:\Faculdade\Aulas&Cadeiras\5 periodo\ES\android-sdk-windows\platforms\android-8\android.jar 
java_command: org.eclipse.ve.internal.java.vce.launcher.remotevm.JavaBeansLauncher
Launcher Type: SUN_STANDARD

Environment Variables:
JAVA_HOME=C:\Program Files (x86)\Java\jdk1.6.0_20
CLASSPATH=.;C:\Program Files (x86)\Java\jdk1.6.0_20\lib\tools.jar
PATH=C:/Program Files (x86)/Java/jre6/bin/client;C:/Program Files (x86)/Java/jre6/bin;C:\Program Files\Common Files\Microsoft Shared\Windows Live;J:\Bin;J:\Projects\Bpl;C:\Program Files (x86)\ActiveState Komodo Edit 6\;C:\Program Files (x86)\Embarcadero\RAD Studio\7.0\bin;C:\Users\Public\Documents\RAD Studio\7.0\Bpl;C:\windows\system32;C:\windows;C:\windows\System32\Wbem;C:\windows\System32\WindowsPowerShell\v1.0\;C:\Program Files\Lenovo\Bluetooth Software\;C:\Program Files\Lenovo\Bluetooth Software\syswow64;c:\Program Files (x86)\Microsoft SQL Server\90\Tools\binn\;JAVA_HOME\bin
USERNAME=Danilo
OS=Windows_NT
PROCESSOR_IDENTIFIER=Intel64 Family 6 Model 37 Stepping 2, GenuineIntel



---------------  S Y S T E M  ---------------

OS: Windows 7 Build 7600 

CPU:total 4 (2 cores per cpu, 2 threads per core) family 6 model 37 stepping 2, cmov, cx8, fxsr, mmx, sse, sse2, sse3, ssse3, sse4.1, sse4.2, popcnt, ht

Memory: 4k page, physical 3988328k(1659352k free), swap 7974756k(4766500k free)

vm_info: Java HotSpot(TM) Client VM (20.1-b02) for windows-x86 JRE (1.6.0_26-b03), built on May  4 2011 00:50:59 by "java_re" with MS VC++ 7.1 (VS2003)

time: Fri Sep 09 20:00:26 2011
elapsed time: 0 seconds

